<?xml version="1.0" encoding="UTF-8"?>
<!-- Generated by org.testng.reporters.JUnitXMLReporter -->
<testsuite hostname="INEMBL-8FC3TT2" name="Remote" tests="1" failures="0" timestamp="19 Oct 2020 16:42:42 GMT" time="0.032" errors="0">
  <testcase name="@BeforeTest setup" time="0.0" classname="testCases.TC01_LoginAndAddProductToCart">
    <failure type="java.lang.NullPointerException">
      <![CDATA[java.lang.NullPointerException
	at factory.BrowserFactory.getBrowser(BrowserFactory.java:77)
	at testCases.TC01_LoginAndAddProductToCart.setup(TC01_LoginAndAddProductToCart.java:37)
... Removed 22 stack frames]]>
    </failure>
  </testcase> <!-- @BeforeTest setup -->
  <testcase name="@AfterClass tearDown" time="0.0" classname="testCases.TC01_LoginAndAddProductToCart">
    <skipped/>
  </testcase> <!-- @AfterClass tearDown -->
  <testcase name="VerifyLogin" time="0.001" classname="testCases.TC01_LoginAndAddProductToCart">
    <skipped/>
  </testcase> <!-- VerifyLogin -->
</testsuite> <!-- Remote -->
